kotlin version: 2.3.0
error message: org.jetbrains.kotlin.util.FileAnalysisException: While analysing /Users/muhammadrauf/Documents/Dev Projects/library-project-2850/server/src/main/kotlin/common/Databases.kt:35:5: org.jetbrains.kotlin.utils.exceptions.KotlinIllegalArgumentExceptionWithAttachments: Exception in expression checkers
	at org.jetbrains.kotlin.util.AnalysisExceptionsKt.wrapIntoFileAnalysisExceptionIfNeeded(AnalysisExceptions.kt:57)
	at org.jetbrains.kotlin.fir.FirCliExceptionHandler.handleExceptionOnFileAnalysis(Utils.kt:269)
	at org.jetbrains.kotlin.fir.pipeline.AnalyseKt.runCheckers(analyse.kt:68)
	at org.jetbrains.kotlin.fir.pipeline.FirUtilsKt.resolveAndCheckFir(firUtils.kt:77)
	at org.jetbrains.kotlin.cli.pipeline.jvm.JvmFrontendPipelinePhase.executePhase(JvmFrontendPipelinePhase.kt:269)
	at org.jetbrains.kotlin.cli.pipeline.jvm.JvmFrontendPipelinePhase.executePhase(JvmFrontendPipelinePhase.kt:55)
	at org.jetbrains.kotlin.cli.pipeline.PipelinePhase.phaseBody(PipelinePhase.kt:68)
	at org.jetbrains.kotlin.cli.pipeline.PipelinePhase.phaseBody(PipelinePhase.kt:58)
	at org.jetbrains.kotlin.config.phaser.NamedCompilerPhase.invoke(CompilerPhase.kt:102)
	at org.jetbrains.kotlin.backend.common.phaser.CompositePhase.invoke(PhaseBuilders.kt:22)
	at org.jetbrains.kotlin.config.phaser.CompilerPhaseKt.invokeToplevel(CompilerPhase.kt:53)
	at org.jetbrains.kotlin.cli.pipeline.AbstractCliPipeline.runPhasedPipeline(AbstractCliPipeline.kt:109)
	at org.jetbrains.kotlin.cli.pipeline.AbstractCliPipeline.execute(AbstractCliPipeline.kt:68)
	at org.jetbrains.kotlin.cli.jvm.K2JVMCompiler.doExecutePhased(K2JVMCompiler.kt:51)
	at org.jetbrains.kotlin.cli.jvm.K2JVMCompiler.doExecutePhased(K2JVMCompiler.kt:42)
	at org.jetbrains.kotlin.cli.common.CLICompiler.execImpl(CLICompiler.kt:89)
	at org.jetbrains.kotlin.cli.common.CLICompiler.exec(CLICompiler.kt:359)
	at org.jetbrains.kotlin.daemon.CompileServiceImpl.compile(CompileServiceImpl.kt:1706)
	at java.base/jdk.internal.reflect.DirectMethodHandleAccessor.invoke(DirectMethodHandleAccessor.java:103)
	at java.base/java.lang.reflect.Method.invoke(Method.java:580)
	at java.rmi/sun.rmi.server.UnicastServerRef.dispatch(UnicastServerRef.java:360)
	at java.rmi/sun.rmi.transport.Transport$1.run(Transport.java:200)
	at java.rmi/sun.rmi.transport.Transport$1.run(Transport.java:197)
	at java.base/java.security.AccessController.doPrivileged(AccessController.java:714)
	at java.rmi/sun.rmi.transport.Transport.serviceCall(Transport.java:196)
	at java.rmi/sun.rmi.transport.tcp.TCPTransport.handleMessages(TCPTransport.java:598)
	at java.rmi/sun.rmi.transport.tcp.TCPTransport$ConnectionHandler.run0(TCPTransport.java:844)
	at java.rmi/sun.rmi.transport.tcp.TCPTransport$ConnectionHandler.lambda$run$0(TCPTransport.java:721)
	at java.base/java.security.AccessController.doPrivileged(AccessController.java:400)
	at java.rmi/sun.rmi.transport.tcp.TCPTransport$ConnectionHandler.run(TCPTransport.java:720)
	at java.base/java.util.concurrent.ThreadPoolExecutor.runWorker(ThreadPoolExecutor.java:1144)
	at java.base/java.util.concurrent.ThreadPoolExecutor$Worker.run(ThreadPoolExecutor.java:642)
	at java.base/java.lang.Thread.run(Thread.java:1583)
Caused by: org.jetbrains.kotlin.utils.exceptions.KotlinIllegalArgumentExceptionWithAttachments: Exception in expression checkers
	at org.jetbrains.kotlin.fir.analysis.checkers.expression.ExpressionCheckersDiagnosticComponent.visitReturnExpression(ExpressionCheckersDiagnosticComponent.kt:522)
	at org.jetbrains.kotlin.fir.analysis.checkers.expression.ExpressionCheckersDiagnosticComponent.visitReturnExpression(ExpressionCheckersDiagnosticComponent.kt:25)
	at org.jetbrains.kotlin.fir.expressions.FirReturnExpression.accept(FirReturnExpression.kt:31)
	at org.jetbrains.kotlin.fir.analysis.collectors.CheckerRunningDiagnosticCollectorVisitor.checkElement(CheckerRunningDiagnosticCollectorVisitor.kt:24)
	at org.jetbrains.kotlin.fir.analysis.collectors.AbstractDiagnosticCollectorVisitor.visitAnnotationContainer(AbstractDiagnosticCollectorVisitor.kt:67)
	at org.jetbrains.kotlin.fir.analysis.collectors.AbstractDiagnosticCollectorVisitor.visitAnnotationContainer(AbstractDiagnosticCollectorVisitor.kt:37)
	at org.jetbrains.kotlin.fir.visitors.FirDefaultVisitor.visitStatement(FirDefaultVisitor.kt:30)
	at org.jetbrains.kotlin.fir.visitors.FirDefaultVisitor.visitExpression(FirDefaultVisitor.kt:33)
	at org.jetbrains.kotlin.fir.visitors.FirDefaultVisitor.visitJump(FirDefaultVisitor.kt:51)
	at org.jetbrains.kotlin.fir.visitors.FirDefaultVisitor.visitReturnExpression(FirDefaultVisitor.kt:63)
	at org.jetbrains.kotlin.fir.expressions.FirReturnExpression.accept(FirReturnExpression.kt:31)
	at org.jetbrains.kotlin.fir.expressions.impl.FirBlockImpl.acceptChildren(FirBlockImpl.kt:37)
	at org.jetbrains.kotlin.fir.analysis.collectors.AbstractDiagnosticCollectorVisitor.visitNestedElements(AbstractDiagnosticCollectorVisitor.kt:45)
	at org.jetbrains.kotlin.fir.analysis.collectors.AbstractDiagnosticCollectorVisitor.visitAnnotationContainer(AbstractDiagnosticCollectorVisitor.kt:68)
	at org.jetbrains.kotlin.fir.analysis.collectors.AbstractDiagnosticCollectorVisitor.visitAnnotationContainer(AbstractDiagnosticCollectorVisitor.kt:37)
	at org.jetbrains.kotlin.fir.visitors.FirDefaultVisitor.visitStatement(FirDefaultVisitor.kt:30)
	at org.jetbrains.kotlin.fir.visitors.FirDefaultVisitor.visitExpression(FirDefaultVisitor.kt:33)
	at org.jetbrains.kotlin.fir.analysis.collectors.AbstractDiagnosticCollectorVisitor.visitBlock(AbstractDiagnosticCollectorVisitor.kt:210)
	at org.jetbrains.kotlin.fir.analysis.collectors.AbstractDiagnosticCollectorVisitor.visitBlock(AbstractDiagnosticCollectorVisitor.kt:37)
	at org.jetbrains.kotlin.fir.expressions.FirBlock.accept(FirBlock.kt:29)
	at org.jetbrains.kotlin.fir.declarations.impl.FirSimpleFunctionImpl.acceptChildren(FirSimpleFunctionImpl.kt:70)
	at org.jetbrains.kotlin.fir.analysis.collectors.AbstractDiagnosticCollectorVisitor.visitNestedElements(AbstractDiagnosticCollectorVisitor.kt:45)
	at org.jetbrains.kotlin.fir.analysis.collectors.AbstractDiagnosticCollectorVisitor.visitSimpleFunction(AbstractDiagnosticCollectorVisitor.kt:818)
	at org.jetbrains.kotlin.fir.analysis.collectors.AbstractDiagnosticCollectorVisitor.visitSimpleFunction(AbstractDiagnosticCollectorVisitor.kt:37)
	at org.jetbrains.kotlin.fir.declarations.FirSimpleFunction.accept(FirSimpleFunction.kt:51)
	at org.jetbrains.kotlin.fir.declarations.impl.FirFileImpl.acceptChildren(FirFileImpl.kt:60)
	at org.jetbrains.kotlin.fir.analysis.collectors.AbstractDiagnosticCollectorVisitor.visitNestedElements(AbstractDiagnosticCollectorVisitor.kt:45)
	at org.jetbrains.kotlin.fir.analysis.collectors.AbstractDiagnosticCollectorVisitor.visitFile(AbstractDiagnosticCollectorVisitor.kt:1349)
	at org.jetbrains.kotlin.fir.analysis.collectors.AbstractDiagnosticCollectorVisitor.visitFile(AbstractDiagnosticCollectorVisitor.kt:37)
	at org.jetbrains.kotlin.fir.declarations.FirFile.accept(FirFile.kt:43)
	at org.jetbrains.kotlin.fir.analysis.collectors.AbstractDiagnosticCollector.collectDiagnostics(AbstractDiagnosticCollector.kt:36)
	at org.jetbrains.kotlin.fir.pipeline.AnalyseKt.runCheckers(analyse.kt:37)
	... 30 more
Caused by: java.lang.IllegalArgumentException: source must not be null
	at org.jetbrains.kotlin.diagnostics.KtDiagnosticReportHelpersKt.requireNotNull(KtDiagnosticReportHelpers.kt:223)
	at org.jetbrains.kotlin.diagnostics.KtDiagnosticReportHelpersKt.reportOn(KtDiagnosticReportHelpers.kt:219)
	at org.jetbrains.kotlin.diagnostics.KtDiagnosticReportHelpersKt.reportOn$default(KtDiagnosticReportHelpers.kt:210)
	at org.jetbrains.kotlin.fir.analysis.checkers.expression.FirFunctionReturnTypeMismatchChecker.check(FirFunctionReturnTypeMismatchChecker.kt:107)
	at org.jetbrains.kotlin.fir.analysis.checkers.expression.FirFunctionReturnTypeMismatchChecker.check(FirFunctionReturnTypeMismatchChecker.kt:31)
	at org.jetbrains.kotlin.fir.analysis.checkers.expression.ExpressionCheckersDiagnosticComponent.visitReturnExpression(ExpressionCheckersDiagnosticComponent.kt:509)
	... 61 more


