kotlin version: 2.3.0
error message: org.jetbrains.kotlin.util.FileAnalysisException: Somewhere in file /Users/muhammadrauf/Documents/Dev Projects/library-project-2850/server/src/main/kotlin/user/UserTable.kt: org.jetbrains.kotlin.utils.exceptions.KotlinIllegalArgumentExceptionWithAttachments: Unexpected status. Expected is FirResolvedDeclarationStatus, but was FirDeclarationStatusImpl
	at org.jetbrains.kotlin.util.AnalysisExceptionsKt.wrapIntoFileAnalysisExceptionIfNeeded(AnalysisExceptions.kt:62)
	at org.jetbrains.kotlin.fir.FirCliExceptionHandler.handleExceptionOnFileAnalysis(Utils.kt:269)
	at org.jetbrains.kotlin.fir.resolve.transformers.plugin.FirCompanionGenerationTransformer.transformFile(FirCompanionGenerationProcessor.kt:113)
	at org.jetbrains.kotlin.fir.resolve.transformers.plugin.FirCompanionGenerationTransformer.transformFile(FirCompanionGenerationProcessor.kt:39)
	at org.jetbrains.kotlin.fir.declarations.FirFile.transform(FirFile.kt:47)
	at org.jetbrains.kotlin.fir.resolve.transformers.FirTransformerBasedResolveProcessor.processFile(FirResolveProcessor.kt:53)
	at org.jetbrains.kotlin.fir.resolve.transformers.FirTotalResolveProcessor.process(FirTotalResolveProcessor.kt:36)
	at org.jetbrains.kotlin.fir.pipeline.AnalyseKt.runResolution(analyse.kt:24)
	at org.jetbrains.kotlin.fir.pipeline.FirUtilsKt.resolveAndCheckFir(firUtils.kt:76)
	at org.jetbrains.kotlin.cli.pipeline.jvm.JvmFrontendPipelinePhase.executePhase(JvmFrontendPipelinePhase.kt:269)
	at org.jetbrains.kotlin.cli.pipeline.jvm.JvmFrontendPipelinePhase.executePhase(JvmFrontendPipelinePhase.kt:55)
	at org.jetbrains.kotlin.cli.pipeline.PipelinePhase.phaseBody(PipelinePhase.kt:68)
	at org.jetbrains.kotlin.cli.pipeline.PipelinePhase.phaseBody(PipelinePhase.kt:58)
	at org.jetbrains.kotlin.config.phaser.NamedCompilerPhase.invoke(CompilerPhase.kt:102)
	at org.jetbrains.kotlin.backend.common.phaser.CompositePhase.invoke(PhaseBuilders.kt:22)
	at org.jetbrains.kotlin.config.phaser.CompilerPhaseKt.invokeToplevel(CompilerPhase.kt:53)
	at org.jetbrains.kotlin.cli.pipeline.AbstractCliPipeline.runPhasedPipeline(AbstractCliPipeline.kt:109)
	at org.jetbrains.kotlin.cli.pipeline.AbstractCliPipeline.execute(AbstractCliPipeline.kt:68)
	at org.jetbrains.kotlin.cli.jvm.K2JVMCompiler.doExecutePhased(K2JVMCompiler.kt:51)
	at org.jetbrains.kotlin.cli.jvm.K2JVMCompiler.doExecutePhased(K2JVMCompiler.kt:42)
	at org.jetbrains.kotlin.cli.common.CLICompiler.execImpl(CLICompiler.kt:89)
	at org.jetbrains.kotlin.cli.common.CLICompiler.exec(CLICompiler.kt:359)
	at org.jetbrains.kotlin.daemon.CompileServiceImpl.compile(CompileServiceImpl.kt:1706)
	at java.base/jdk.internal.reflect.DirectMethodHandleAccessor.invoke(DirectMethodHandleAccessor.java:103)
	at java.base/java.lang.reflect.Method.invoke(Method.java:580)
	at java.rmi/sun.rmi.server.UnicastServerRef.dispatch(UnicastServerRef.java:360)
	at java.rmi/sun.rmi.transport.Transport$1.run(Transport.java:200)
	at java.rmi/sun.rmi.transport.Transport$1.run(Transport.java:197)
	at java.base/java.security.AccessController.doPrivileged(AccessController.java:714)
	at java.rmi/sun.rmi.transport.Transport.serviceCall(Transport.java:196)
	at java.rmi/sun.rmi.transport.tcp.TCPTransport.handleMessages(TCPTransport.java:598)
	at java.rmi/sun.rmi.transport.tcp.TCPTransport$ConnectionHandler.run0(TCPTransport.java:844)
	at java.rmi/sun.rmi.transport.tcp.TCPTransport$ConnectionHandler.lambda$run$0(TCPTransport.java:721)
	at java.base/java.security.AccessController.doPrivileged(AccessController.java:400)
	at java.rmi/sun.rmi.transport.tcp.TCPTransport$ConnectionHandler.run(TCPTransport.java:720)
	at java.base/java.util.concurrent.ThreadPoolExecutor.runWorker(ThreadPoolExecutor.java:1144)
	at java.base/java.util.concurrent.ThreadPoolExecutor$Worker.run(ThreadPoolExecutor.java:642)
	at java.base/java.lang.Thread.run(Thread.java:1583)
Caused by: org.jetbrains.kotlin.utils.exceptions.KotlinIllegalArgumentExceptionWithAttachments: Unexpected status. Expected is FirResolvedDeclarationStatus, but was FirDeclarationStatusImpl
	at org.jetbrains.kotlin.fir.symbols.impl.UtilsKt.errorInLazyResolve(Utils.kt:42)
	at org.jetbrains.kotlin.fir.symbols.impl.UtilsKt.resolvedStatus(Utils.kt:30)
	at org.jetbrains.kotlin.fir.symbols.impl.FirClassLikeSymbol.getResolvedStatus(FirClassLikeSymbol.kt:56)
	at org.jetbrains.kotlinx.dataframe.plugin.extensions.TopLevelExtensionsGenerator.matchedClasses_delegate$lambda$0(TopLevelExtensionsGenerator.kt:216)
	at kotlin.SynchronizedLazyImpl.getValue(LazyJVM.kt:86)
	at org.jetbrains.kotlinx.dataframe.plugin.extensions.TopLevelExtensionsGenerator.getMatchedClasses(TopLevelExtensionsGenerator.kt:41)
	at org.jetbrains.kotlinx.dataframe.plugin.extensions.TopLevelExtensionsGenerator.fields_delegate$lambda$0(TopLevelExtensionsGenerator.kt:54)
	at kotlin.SynchronizedLazyImpl.getValue(LazyJVM.kt:86)
	at org.jetbrains.kotlinx.dataframe.plugin.extensions.TopLevelExtensionsGenerator.getFields(TopLevelExtensionsGenerator.kt:53)
	at org.jetbrains.kotlinx.dataframe.plugin.extensions.TopLevelExtensionsGenerator.getTopLevelCallableIds(TopLevelExtensionsGenerator.kt:74)
	at org.jetbrains.kotlin.fir.extensions.FirDeclarationGenerationExtension.topLevelCallableIdsCache$lambda$0(FirDeclarationGenerationExtension.kt:93)
	at kotlin.UnsafeLazyImpl.getValue(Lazy.kt:100)
	at org.jetbrains.kotlin.fir.caches.FirThreadUnsafeValue.getLazyValue(FirThreadUnsafeCachesFactory.kt:94)
	at org.jetbrains.kotlin.fir.caches.FirThreadUnsafeValue.getValue(FirThreadUnsafeCachesFactory.kt:95)
	at org.jetbrains.kotlin.fir.extensions.FirExtensionDeclarationsSymbolProvider$symbolNamesProvider$1.getPackageNamesWithTopLevelCallables(FirExtensionDeclarationsSymbolProvider.kt:181)
	at org.jetbrains.kotlin.fir.extensions.FirSwitchableExtensionDeclarationsSymbolProvider$symbolNamesProvider$1.getPackageNamesWithTopLevelCallables(FirSwitchableExtensionDeclarationsSymbolProvider.kt:51)
	at org.jetbrains.kotlin.fir.resolve.providers.FirCompositeCachedSymbolNamesProvider.computePackageNamesWithTopLevelCallables(FirCachedSymbolNamesProvider.kt:158)
	at org.jetbrains.kotlin.fir.resolve.providers.impl.FirCachingCompositeSymbolProvider$symbolNamesProvider$1.computePackageNamesWithTopLevelCallables(FirCachingCompositeSymbolProvider.kt:54)
	at org.jetbrains.kotlin.fir.resolve.providers.FirCachedSymbolNamesProvider.topLevelCallablePackageNames_delegate$lambda$0(FirCachedSymbolNamesProvider.kt:75)
	at kotlin.SafePublicationLazyImpl.getValue(LazyJVM.kt:125)
	at org.jetbrains.kotlin.fir.resolve.providers.FirCachedSymbolNamesProvider.getTopLevelCallablePackageNames(FirCachedSymbolNamesProvider.kt:72)
	at org.jetbrains.kotlin.fir.resolve.providers.FirCachedSymbolNamesProvider.getPackageNamesWithTopLevelCallables(FirCachedSymbolNamesProvider.kt:103)
	at org.jetbrains.kotlin.fir.resolve.providers.FirCachedSymbolNamesProvider.getTopLevelCallableNamesInPackage(FirCachedSymbolNamesProvider.kt:106)
	at org.jetbrains.kotlin.fir.resolve.providers.FirSymbolNamesProvider.mayHaveTopLevelCallable(FirSymbolNamesProvider.kt:129)
	at org.jetbrains.kotlin.fir.resolve.providers.impl.FirCachingCompositeSymbolProvider.getTopLevelFunctionSymbolsTo(FirCachingCompositeSymbolProvider.kt:109)
	at org.jetbrains.kotlin.fir.resolve.providers.FirSymbolProvider.getTopLevelFunctionSymbols(FirSymbolProvider.kt:52)
	at org.jetbrains.kotlinx.serialization.compiler.fir.services.DependencySerializationInfoProvider.useGeneratedEnumSerializer_delegate$lambda$0(DependencySerializationInfoProvider.kt:25)
	at kotlin.UnsafeLazyImpl.getValue(Lazy.kt:100)
	at org.jetbrains.kotlin.fir.caches.FirThreadUnsafeValue.getLazyValue(FirThreadUnsafeCachesFactory.kt:94)
	at org.jetbrains.kotlin.fir.caches.FirThreadUnsafeValue.getValue(FirThreadUnsafeCachesFactory.kt:95)
	at org.jetbrains.kotlin.fir.caches.FirCacheWithPostComputeKt.getValue(FirCacheWithPostCompute.kt:50)
	at org.jetbrains.kotlinx.serialization.compiler.fir.services.DependencySerializationInfoProvider.getUseGeneratedEnumSerializer(DependencySerializationInfoProvider.kt:23)
	at org.jetbrains.kotlinx.serialization.compiler.fir.SerializationFirUtilsKt.isEnumWithLegacyGeneratedSerializer(SerializationFirUtils.kt:232)
	at org.jetbrains.kotlinx.serialization.compiler.fir.SerializationFirUtilsKt.shouldHaveGeneratedSerializer(SerializationFirUtils.kt:237)
	at org.jetbrains.kotlinx.serialization.compiler.fir.SerializationFirResolveExtension.getNestedClassifiersNames(SerializationFirResolveExtension.kt:64)
	at org.jetbrains.kotlin.fir.scopes.impl.FirGeneratedMemberDeclarationsStorage.getClassifierStorage$providers(FirGeneratedScopes.kt:169)
	at org.jetbrains.kotlin.fir.scopes.impl.FirGeneratedClassNestedClassifierScope$Companion.create(FirGeneratedScopes.kt:125)
	at org.jetbrains.kotlin.fir.scopes.impl.FirDeclaredMemberScopeProvider.createNestedClassifierScope(FirDeclaredMemberScopeProvider.kt:126)
	at org.jetbrains.kotlin.fir.scopes.impl.FirDeclaredMemberScopeProvider.access$createNestedClassifierScope(FirDeclaredMemberScopeProvider.kt:40)
	at org.jetbrains.kotlin.fir.scopes.impl.FirDeclaredMemberScopeProvider$nestedClassifierCache$1.invoke(FirDeclaredMemberScopeProvider.kt:55)
	at org.jetbrains.kotlin.fir.scopes.impl.FirDeclaredMemberScopeProvider$nestedClassifierCache$1.invoke(FirDeclaredMemberScopeProvider.kt:51)
	at org.jetbrains.kotlin.fir.caches.FirThreadUnsafeCache.getValue(FirThreadUnsafeCachesFactory.kt:57)
	at org.jetbrains.kotlin.fir.scopes.impl.FirDeclaredMemberScopeProvider.nestedClassifierScope(FirDeclaredMemberScopeProvider.kt:188)
	at org.jetbrains.kotlin.fir.scopes.impl.FirDeclaredMemberScopeProviderKt.nestedClassifierScope(FirDeclaredMemberScopeProvider.kt:173)
	at org.jetbrains.kotlin.fir.extensions.FirExtensionDeclarationsSymbolProvider.generateClassLikeDeclaration(FirExtensionDeclarationsSymbolProvider.kt:109)
	at org.jetbrains.kotlin.fir.extensions.FirExtensionDeclarationsSymbolProvider.access$generateClassLikeDeclaration(FirExtensionDeclarationsSymbolProvider.kt:29)
	at org.jetbrains.kotlin.fir.extensions.FirExtensionDeclarationsSymbolProvider$classCache$1.invoke(FirExtensionDeclarationsSymbolProvider.kt:46)
	at org.jetbrains.kotlin.fir.extensions.FirExtensionDeclarationsSymbolProvider$classCache$1.invoke(FirExtensionDeclarationsSymbolProvider.kt:45)
	at org.jetbrains.kotlin.fir.caches.FirThreadUnsafeCache.getValue(FirThreadUnsafeCachesFactory.kt:57)
	at org.jetbrains.kotlin.fir.extensions.FirExtensionDeclarationsSymbolProvider.getClassLikeSymbolByClassId(FirExtensionDeclarationsSymbolProvider.kt:277)
	at org.jetbrains.kotlin.fir.extensions.FirSwitchableExtensionDeclarationsSymbolProvider.getClassLikeSymbolByClassId(FirSwitchableExtensionDeclarationsSymbolProvider.kt:62)
	at org.jetbrains.kotlin.fir.resolve.transformers.plugin.FirCompanionGenerationTransformer.generateCompanion(FirCompanionGenerationProcessor.kt:80)
	at org.jetbrains.kotlin.fir.resolve.transformers.plugin.FirCompanionGenerationTransformer.generateAndUpdateCompanion(FirCompanionGenerationProcessor.kt:61)
	at org.jetbrains.kotlin.fir.resolve.transformers.plugin.FirCompanionGenerationTransformer.transformRegularClass(FirCompanionGenerationProcessor.kt:56)
	at org.jetbrains.kotlin.fir.resolve.transformers.plugin.FirCompanionGenerationTransformer.transformRegularClass(FirCompanionGenerationProcessor.kt:39)
	at org.jetbrains.kotlin.fir.declarations.FirRegularClass.transform(FirRegularClass.kt:54)
	at org.jetbrains.kotlin.fir.visitors.FirTransformerUtilKt.transformInplace(FirTransformerUtil.kt:20)
	at org.jetbrains.kotlin.fir.declarations.impl.FirFileImpl.transformDeclarations(FirFileImpl.kt:83)
	at org.jetbrains.kotlin.fir.declarations.impl.FirFileImpl.transformDeclarations(FirFileImpl.kt:29)
	at org.jetbrains.kotlin.fir.resolve.transformers.plugin.FirCompanionGenerationTransformer.transformFile(FirCompanionGenerationProcessor.kt:51)
	... 35 more


